{
  "stats": {
    "suites": 1,
    "tests": 2,
    "passes": 1,
    "pending": 0,
    "failures": 1,
    "start": "2024-03-11T09:19:29.740Z",
    "end": "2024-03-11T09:19:35.217Z",
    "duration": 5477,
    "testsRegistered": 2,
    "passPercent": 50,
    "pendingPercent": 0,
    "other": 0,
    "hasOther": false,
    "skipped": 0,
    "hasSkipped": false
  },
  "results": [
    {
      "uuid": "3f87a56f-8cb9-4f73-a627-fbc564cf2e33",
      "title": "",
      "fullFile": "cypress/e2e/test.cy.js",
      "file": "cypress/e2e/test.cy.js",
      "beforeHooks": [],
      "afterHooks": [],
      "tests": [],
      "suites": [
        {
          "uuid": "0e97b498-99db-4139-9904-8930031a7c12",
          "title": "template spec",
          "fullFile": "",
          "file": "",
          "beforeHooks": [],
          "afterHooks": [],
          "tests": [
            {
              "title": "passes",
              "fullTitle": "template spec passes",
              "timedOut": null,
              "duration": 1077,
              "state": "passed",
              "speed": "fast",
              "pass": true,
              "fail": false,
              "pending": false,
              "context": null,
              "code": "cy.visit('http://localhost:5173/');\ncy.get('#collapseTwo > .accordion-body > :nth-child(1) > .btn').click();\ncy.get('.card-title').contains('Rick Sanchez').click();",
              "err": {},
              "uuid": "ad219df8-c151-4eb0-86f6-ba1ee8351315",
              "parentUUID": "0e97b498-99db-4139-9904-8930031a7c12",
              "isHook": false,
              "skipped": false
            },
            {
              "title": "passes",
              "fullTitle": "template spec passes",
              "timedOut": null,
              "duration": 4322,
              "state": "failed",
              "speed": null,
              "pass": false,
              "fail": true,
              "pending": false,
              "context": null,
              "code": "cy.visit('http://localhost:5173/');\ncy.get('#collapseTwo > .accordion-body > :nth-child(11) > .btn').click();",
              "err": {
                "message": "AssertionError: Timed out retrying after 4000ms: Expected to find element: `#collapseTwo > .accordion-body > :nth-child(11) > .btn`, but never found it.",
                "estack": "AssertionError: Timed out retrying after 4000ms: Expected to find element: `#collapseTwo > .accordion-body > :nth-child(11) > .btn`, but never found it.\n    at Context.eval (webpack://rick-and-morty-wiki/./cypress/e2e/test.cy.js:10:7)",
                "diff": null
              },
              "uuid": "5833d913-a963-4c46-9df6-a2215e9aa1dc",
              "parentUUID": "0e97b498-99db-4139-9904-8930031a7c12",
              "isHook": false,
              "skipped": false
            }
          ],
          "suites": [],
          "passes": [
            "ad219df8-c151-4eb0-86f6-ba1ee8351315"
          ],
          "failures": [
            "5833d913-a963-4c46-9df6-a2215e9aa1dc"
          ],
          "pending": [],
          "skipped": [],
          "duration": 5399,
          "root": false,
          "rootEmpty": false,
          "_timeout": 2000
        }
      ],
      "passes": [],
      "failures": [],
      "pending": [],
      "skipped": [],
      "duration": 0,
      "root": true,
      "rootEmpty": true,
      "_timeout": 2000
    }
  ],
  "meta": {
    "mocha": {
      "version": "7.0.1"
    },
    "mochawesome": {
      "options": {
        "quiet": false,
        "reportFilename": "mochawesome",
        "saveHtml": true,
        "saveJson": true,
        "consoleReporter": "spec",
        "useInlineDiffs": false,
        "code": true
      },
      "version": "7.1.3"
    },
    "marge": {
      "options": {
        "reportDir": "cypress/reports",
        "overwrite": true,
        "html": true,
        "json": true
      },
      "version": "6.2.0"
    }
  }
}