{
  "stats": {
    "suites": 1,
    "tests": 2,
    "passes": 1,
    "pending": 0,
    "failures": 1,
    "start": "2024-03-11T07:30:50.472Z",
    "end": "2024-03-11T07:30:56.609Z",
    "duration": 6137,
    "testsRegistered": 2,
    "passPercent": 50,
    "pendingPercent": 0,
    "other": 0,
    "hasOther": false,
    "skipped": 0,
    "hasSkipped": false
  },
  "results": [
    {
      "uuid": "346909fe-e9fd-4c27-87f4-07ba09737a0a",
      "title": "",
      "fullFile": "cypress/e2e/test.cy.js",
      "file": "cypress/e2e/test.cy.js",
      "beforeHooks": [],
      "afterHooks": [],
      "tests": [],
      "suites": [
        {
          "uuid": "2f2455c2-e349-4cdd-8523-a0917c54319a",
          "title": "template spec",
          "fullFile": "",
          "file": "",
          "beforeHooks": [],
          "afterHooks": [],
          "tests": [
            {
              "title": "passes",
              "fullTitle": "template spec passes",
              "timedOut": null,
              "duration": 1752,
              "state": "passed",
              "speed": "fast",
              "pass": true,
              "fail": false,
              "pending": false,
              "context": null,
              "code": "cy.visit('http://localhost:5173/');\ncy.get('#collapseTwo > .accordion-body > :nth-child(1) > .btn').click();\ncy.get('.card-title').contains('Rick Sanchez').click();",
              "err": {},
              "uuid": "319bd089-c34d-4a7e-8091-d7cc1f0cd17d",
              "parentUUID": "2f2455c2-e349-4cdd-8523-a0917c54319a",
              "isHook": false,
              "skipped": false
            },
            {
              "title": "passes",
              "fullTitle": "template spec passes",
              "timedOut": null,
              "duration": 4298,
              "state": "failed",
              "speed": null,
              "pass": false,
              "fail": true,
              "pending": false,
              "context": null,
              "code": "cy.visit('http://localhost:5173/');\ncy.get('#collapseTwo > .accordion-body > :nth-child(11) > .btn').click();",
              "err": {
                "message": "AssertionError: Timed out retrying after 4000ms: Expected to find element: `#collapseTwo > .accordion-body > :nth-child(11) > .btn`, but never found it.",
                "estack": "AssertionError: Timed out retrying after 4000ms: Expected to find element: `#collapseTwo > .accordion-body > :nth-child(11) > .btn`, but never found it.\n    at Context.eval (webpack://rick-and-morty-wiki/./cypress/e2e/test.cy.js:10:7)",
                "diff": null
              },
              "uuid": "b4ba12f0-06b8-4c64-adcd-f22b27fb02a8",
              "parentUUID": "2f2455c2-e349-4cdd-8523-a0917c54319a",
              "isHook": false,
              "skipped": false
            }
          ],
          "suites": [],
          "passes": [
            "319bd089-c34d-4a7e-8091-d7cc1f0cd17d"
          ],
          "failures": [
            "b4ba12f0-06b8-4c64-adcd-f22b27fb02a8"
          ],
          "pending": [],
          "skipped": [],
          "duration": 6050,
          "root": false,
          "rootEmpty": false,
          "_timeout": 2000
        }
      ],
      "passes": [],
      "failures": [],
      "pending": [],
      "skipped": [],
      "duration": 0,
      "root": true,
      "rootEmpty": true,
      "_timeout": 2000
    }
  ],
  "meta": {
    "mocha": {
      "version": "7.0.1"
    },
    "mochawesome": {
      "options": {
        "quiet": false,
        "reportFilename": "mochawesome",
        "saveHtml": true,
        "saveJson": true,
        "consoleReporter": "spec",
        "useInlineDiffs": false,
        "code": true
      },
      "version": "7.1.3"
    },
    "marge": {
      "options": {
        "reportDir": "cypress/reports",
        "overwrite": true,
        "html": true,
        "json": true
      },
      "version": "6.2.0"
    }
  }
}