{
  "stats": {
    "suites": 1,
    "tests": 1,
    "passes": 0,
    "pending": 0,
    "failures": 1,
    "start": "2024-03-10T05:08:39.187Z",
    "end": "2024-03-10T05:08:44.175Z",
    "duration": 4988,
    "testsRegistered": 1,
    "passPercent": 0,
    "pendingPercent": 0,
    "other": 0,
    "hasOther": false,
    "skipped": 0,
    "hasSkipped": false
  },
  "results": [
    {
      "uuid": "32edfeb2-e160-4850-b5f0-9a59f991e91e",
      "title": "",
      "fullFile": "cypress/e2e/test.cy.js",
      "file": "cypress/e2e/test.cy.js",
      "beforeHooks": [],
      "afterHooks": [],
      "tests": [],
      "suites": [
        {
          "uuid": "47a4d14f-e2ba-4ede-ab63-77106b3a42de",
          "title": "template spec",
          "fullFile": "",
          "file": "",
          "beforeHooks": [],
          "afterHooks": [],
          "tests": [
            {
              "title": "passes",
              "fullTitle": "template spec passes",
              "timedOut": null,
              "duration": 4927,
              "state": "failed",
              "speed": null,
              "pass": false,
              "fail": true,
              "pending": false,
              "context": null,
              "code": "cy.visit('http://localhost:5173/');\n// cy.get('#collapseTwo > .accordion-body > :nth-child(1) > .btn').click();\ncy.get('#collapseTwo > .accordion-body > :nth-child(11) > .btn').click();\ncy.get('.card-title').contains('Rick Sanchez').click();",
              "err": {
                "message": "AssertionError: Timed out retrying after 4000ms: Expected to find element: `#collapseTwo > .accordion-body > :nth-child(11) > .btn`, but never found it.",
                "estack": "AssertionError: Timed out retrying after 4000ms: Expected to find element: `#collapseTwo > .accordion-body > :nth-child(11) > .btn`, but never found it.\n    at Context.eval (webpack://rick-and-morty-wiki/./cypress/e2e/test.cy.js:5:7)",
                "diff": null
              },
              "uuid": "cfdd3382-f1a8-45c5-9fea-8493857a1a14",
              "parentUUID": "47a4d14f-e2ba-4ede-ab63-77106b3a42de",
              "isHook": false,
              "skipped": false
            }
          ],
          "suites": [],
          "passes": [],
          "failures": [
            "cfdd3382-f1a8-45c5-9fea-8493857a1a14"
          ],
          "pending": [],
          "skipped": [],
          "duration": 4927,
          "root": false,
          "rootEmpty": false,
          "_timeout": 2000
        }
      ],
      "passes": [],
      "failures": [],
      "pending": [],
      "skipped": [],
      "duration": 0,
      "root": true,
      "rootEmpty": true,
      "_timeout": 2000
    }
  ],
  "meta": {
    "mocha": {
      "version": "7.0.1"
    },
    "mochawesome": {
      "options": {
        "quiet": false,
        "reportFilename": "mochawesome",
        "saveHtml": true,
        "saveJson": true,
        "consoleReporter": "spec",
        "useInlineDiffs": false,
        "code": true
      },
      "version": "7.1.3"
    },
    "marge": {
      "options": null,
      "version": "6.2.0"
    }
  }
}