{
  "stats": {
    "suites": 1,
    "tests": 1,
    "passes": 1,
    "pending": 0,
    "failures": 0,
    "start": "2024-03-10T04:46:40.172Z",
    "end": "2024-03-10T04:46:41.397Z",
    "duration": 1225,
    "testsRegistered": 1,
    "passPercent": 100,
    "pendingPercent": 0,
    "other": 0,
    "hasOther": false,
    "skipped": 0,
    "hasSkipped": false
  },
  "results": [
    {
      "uuid": "6317af6d-46c8-4d05-b288-35dabcb89475",
      "title": "",
      "fullFile": "cypress/e2e/test.cy.js",
      "file": "cypress/e2e/test.cy.js",
      "beforeHooks": [],
      "afterHooks": [],
      "tests": [],
      "suites": [
        {
          "uuid": "03193e34-1101-4935-a98c-6f09a3c1cf32",
          "title": "template spec",
          "fullFile": "",
          "file": "",
          "beforeHooks": [],
          "afterHooks": [],
          "tests": [
            {
              "title": "passes",
              "fullTitle": "template spec passes",
              "timedOut": null,
              "duration": 1164,
              "state": "passed",
              "speed": "fast",
              "pass": true,
              "fail": false,
              "pending": false,
              "context": null,
              "code": "cy.visit('http://localhost:5173/');\ncy.get('#collapseTwo > .accordion-body > :nth-child(1) > .btn').click();\n// cy.get('#collapseTwo > .accordion-body > :nth-child(11) > .btn').click();\ncy.get('.card-title').contains('Rick Sanchez').click();",
              "err": {},
              "uuid": "622d4435-a9f8-4643-b747-d8f7b0897314",
              "parentUUID": "03193e34-1101-4935-a98c-6f09a3c1cf32",
              "isHook": false,
              "skipped": false
            }
          ],
          "suites": [],
          "passes": [
            "622d4435-a9f8-4643-b747-d8f7b0897314"
          ],
          "failures": [],
          "pending": [],
          "skipped": [],
          "duration": 1164,
          "root": false,
          "rootEmpty": false,
          "_timeout": 2000
        }
      ],
      "passes": [],
      "failures": [],
      "pending": [],
      "skipped": [],
      "duration": 0,
      "root": true,
      "rootEmpty": true,
      "_timeout": 2000
    }
  ],
  "meta": {
    "mocha": {
      "version": "7.0.1"
    },
    "mochawesome": {
      "options": {
        "quiet": false,
        "reportFilename": "mochawesome",
        "saveHtml": true,
        "saveJson": true,
        "consoleReporter": "spec",
        "useInlineDiffs": false,
        "code": true
      },
      "version": "7.1.3"
    },
    "marge": {
      "options": null,
      "version": "6.2.0"
    }
  }
}